<?xml version="1.0" encoding="UTF-8"?>
<!-- Generated by org.testng.reporters.JUnitReportReporter -->
<testsuite hostname="DESKTOP-L7E7ROD" failures="0" tests="1" name="practise.Example3Test" time="0.010" errors="0" timestamp="2023-04-03T10:19:11 IST" skipped="0">
  <testcase classname="practise.Example3Test" name="data" time="0.010"/>
  <system-out/>
</testsuite> <!-- practise.Example3Test -->
