<?xml version="1.0" encoding="UTF-8"?>
<!-- Generated by org.testng.reporters.JUnitReportReporter -->
<testsuite hostname="DESKTOP-L7E7ROD" failures="0" tests="2" name="practise.ExampleTest" time="0.007" errors="0" timestamp="2023-03-31T16:52:30 IST" skipped="0">
  <testcase classname="practise.ExampleTest" name="data1" time="0.003"/>
  <system-out/>
  <testcase classname="practise.ExampleTest" name="data2" time="0.004"/>
  <system-out/>
</testsuite> <!-- practise.ExampleTest -->
