<?xml version="1.0" encoding="UTF-8"?>
<!-- Generated by org.testng.reporters.JUnitReportReporter -->
<testsuite hostname="DESKTOP-L7E7ROD" failures="0" tests="2" name="practise.Example2Test" time="0.015" errors="0" timestamp="2023-03-31T16:52:30 IST" skipped="0">
  <testcase classname="practise.Example2Test" name="data1" time="0.011"/>
  <system-out/>
  <testcase classname="practise.Example2Test" name="data2" time="0.004"/>
  <system-out/>
</testsuite> <!-- practise.Example2Test -->
