<?xml version="1.0" encoding="UTF-8"?>
<!-- Generated by org.testng.reporters.JUnitReportReporter -->
<testsuite skipped="0" hostname="DESKTOP-L7E7ROD" name="practise.Example" tests="1" failures="0" timestamp="2023-03-31T13:41:50 IST" time="0.011" errors="0">
  <testcase name="data1" time="0.011" classname="practise.Example"/>
  <system-out/>
</testsuite> <!-- practise.Example -->
